============================= test session starts =============================
platform win32 -- Python 3.10.0, pytest-8.3.4, pluggy-1.6.0 -- D:\OrbeSystems\orbe-systems\inho_backend\.venv\Scripts\python.exe
cachedir: .pytest_cache
rootdir: D:\OrbeSystems\orbe-systems\inho_backend
configfile: pytest.ini
plugins: anyio-4.14.2, asyncio-0.24.0
asyncio: mode=auto, default_loop_scope=None
collecting ... collected 23 items / 2 errors

=================================== ERRORS ====================================
_____________________ ERROR collecting tests/test_api.py ______________________
tests\test_api.py:12: in <module>
    from main import app  # noqa: E402
main.py:26: in <module>
    limiter = Limiter(key_func=get_remote_address, default_limits=[f"{settings.RATE_LIMIT_PER_MINUTE}/minute"])
E   AttributeError: module 'routers.settings' has no attribute 'RATE_LIMIT_PER_MINUTE'
_____________________ ERROR collecting tests/test_crm.py ______________________
tests\test_crm.py:13: in <module>
    from main import app  # noqa: E402
main.py:26: in <module>
    limiter = Limiter(key_func=get_remote_address, default_limits=[f"{settings.RATE_LIMIT_PER_MINUTE}/minute"])
E   AttributeError: module 'routers.settings' has no attribute 'RATE_LIMIT_PER_MINUTE'
============================== warnings summary ===============================
.venv\lib\site-packages\pydantic\_internal\_config.py:295: 18 warnings
  D:\OrbeSystems\orbe-systems\inho_backend\.venv\lib\site-packages\pydantic\_internal\_config.py:295: PydanticDeprecatedSince20: Support for class-based `config` is deprecated, use ConfigDict instead. Deprecated in Pydantic V2.0 to be removed in V3.0. See Pydantic V2 Migration Guide at https://errors.pydantic.dev/2.10/migration/
    warnings.warn(DEPRECATION_MESSAGE, DeprecationWarning)

routers\reports.py:20
  D:\OrbeSystems\orbe-systems\inho_backend\routers\reports.py:20: DeprecationWarning: `regex` has been deprecated, please use `pattern` instead
    regime: str = Query("competencia", regex="^(caixa|competencia)$"),

-- Docs: https://docs.pytest.org/en/stable/how-to/capture-warnings.html
=========================== short test summary info ===========================
ERROR tests/test_api.py - AttributeError: module 'routers.settings' has no at...
ERROR tests/test_crm.py - AttributeError: module 'routers.settings' has no at...
!!!!!!!!!!!!!!!!!!! Interrupted: 2 errors during collection !!!!!!!!!!!!!!!!!!!
======================= 19 warnings, 2 errors in 1.31s ========================
