<?xml version="1.0" encoding="utf-8"?><testsuites><testsuite name="pytest" errors="0" failures="7" skipped="15" tests="39" time="44.452" timestamp="2026-09-11T16:38:17.643823-03:00" hostname="pc-da-ju-e-rafa"><testcase classname="tests.test_api" name="test_health" time="0.618" /><testcase classname="tests.test_api" name="test_register_and_login" time="0.614"><skipped type="pytest.skip" message="Public registration endpoint removed for security">C:\Users\rafae\OrbeSystems\OrbeSystems\inho_backend\tests\test_api.py:40: Public registration endpoint removed for security</skipped></testcase><testcase classname="tests.test_api" name="test_duplicate_register" time="0.617"><skipped type="pytest.skip" message="Public registration endpoint removed for security">C:\Users\rafae\OrbeSystems\OrbeSystems\inho_backend\tests\test_api.py:45: Public registration endpoint removed for security</skipped></testcase><testcase classname="tests.test_api" name="test_invalid_login" time="0.771" /><testcase classname="tests.test_api" name="test_protected_route_without_token" time="0.660" /><testcase classname="tests.test_api" name="test_pco_surveys_route_without_token" time="0.658" /><testcase classname="tests.test_api" name="test_user_role_classification_and_audit_logging" time="0.648"><skipped type="pytest.skip" message="Requires manual DB user creation via session due to locked API">C:\Users\rafae\OrbeSystems\OrbeSystems\inho_backend\tests\test_api.py:72: Requires manual DB user creation via session due to locked API</skipped></testcase><testcase classname="tests.test_api" name="test_admin_sub_user_creation_and_rbac" time="0.653"><skipped type="pytest.skip" message="Requires manual DB user creation via session due to locked API">C:\Users\rafae\OrbeSystems\OrbeSystems\inho_backend\tests\test_api.py:77: Requires manual DB user creation via session due to locked API</skipped></testcase><testcase classname="tests.test_billing_extended" name="test_bulk_charge_and_settle" time="0.003"><skipped type="pytest.skip" message="Auth token logic requires running integration, validated DDL">C:\Users\rafae\OrbeSystems\OrbeSystems\inho_backend\tests\test_billing_extended.py:10: Auth token logic requires running integration, validated DDL</skipped></testcase><testcase classname="tests.test_billing_extended" name="test_partial_settle_mark_loss" time="0.002"><skipped type="pytest.skip" message="Auth token logic requires running integration, validated DDL">C:\Users\rafae\OrbeSystems\OrbeSystems\inho_backend\tests\test_billing_extended.py:14: Auth token logic requires running integration, validated DDL</skipped></testcase><testcase classname="tests.test_billing_extended" name="test_aging_list" time="0.002"><skipped type="pytest.skip" message="Auth token logic requires running integration, validated DDL">C:\Users\rafae\OrbeSystems\OrbeSystems\inho_backend\tests\test_billing_extended.py:18: Auth token logic requires running integration, validated DDL</skipped></testcase><testcase classname="tests.test_billing_extended" name="test_recurrences_crud" time="0.004"><skipped type="pytest.skip" message="Auth token logic requires running integration, validated DDL">C:\Users\rafae\OrbeSystems\OrbeSystems\inho_backend\tests\test_billing_extended.py:22: Auth token logic requires running integration, validated DDL</skipped></testcase><testcase classname="tests.test_crm" name="test_health" time="0.658" /><testcase classname="tests.test_crm" name="test_contacts_crud" time="1.113"><failure message="UnboundLocalError: local variable 'select' referenced before assignment">client = &lt;httpx.AsyncClient object at 0x000001B1B521F6A0&gt;

    @pytest.mark.asyncio
    async def test_contacts_crud(client: AsyncClient):
        token = await _get_token(client)
        headers = {"Authorization": f"Bearer {token}"}
        if not token:
            pytest.skip("No auth token")
    
        # CREATE
&gt;       r = await client.post("/api/v1/crm/contacts/", json={
            "category": "CUSTOMER",
            "name": "João Silva",
            "document": "123.456.789-00",
            "email": "joao@teste.com",
            "phone": "11999990000",
            "address": "Rua das Flores, 100",
            "city": "São Paulo",
            "state": "SP",
            "zip_code": "01310-100",
        }, headers=headers)

tests\test_crm.py:80: 
_ _ _ _ _ _ _ _ _ _ _ _ _ _ _ _ _ _ _ _ _ _ _ _ _ _ _ _ _ _ _ _ _ _ _ _ _ _ _ _
..\..\..\AppData\Roaming\Python\Python310\site-packages\httpx\_client.py:1859: in post
    return await self.request(
..\..\..\AppData\Roaming\Python\Python310\site-packages\httpx\_client.py:1540: in request
    return await self.send(request, auth=auth, follow_redirects=follow_redirects)
..\..\..\AppData\Roaming\Python\Python310\site-packages\httpx\_client.py:1629: in send
    response = await self._send_handling_auth(
..\..\..\AppData\Roaming\Python\Python310\site-packages\httpx\_client.py:1657: in _send_handling_auth
    response = await self._send_handling_redirects(
..\..\..\AppData\Roaming\Python\Python310\site-packages\httpx\_client.py:1694: in _send_handling_redirects
    response = await self._send_single_request(request)
..\..\..\AppData\Roaming\Python\Python310\site-packages\httpx\_client.py:1730: in _send_single_request
    response = await transport.handle_async_request(request)
..\..\..\AppData\Roaming\Python\Python310\site-packages\httpx\_transports\asgi.py:170: in handle_async_request
    await self.app(scope, receive, send)
D:\PY3\lib\site-packages\fastapi\applications.py:1138: in __call__
    await super().__call__(scope, receive, send)
D:\PY3\lib\site-packages\starlette\applications.py:107: in __call__
    await self.middleware_stack(scope, receive, send)
D:\PY3\lib\site-packages\starlette\middleware\errors.py:186: in __call__
    raise exc
D:\PY3\lib\site-packages\starlette\middleware\errors.py:164: in __call__
    await self.app(scope, receive, _send)
D:\PY3\lib\site-packages\starlette\middleware\cors.py:87: in __call__
    await self.app(scope, receive, send)
D:\PY3\lib\site-packages\starlette\middleware\exceptions.py:63: in __call__
    await wrap_app_handling_exceptions(self.app, conn)(scope, receive, send)
D:\PY3\lib\site-packages\starlette\_exception_handler.py:53: in wrapped_app
    raise exc
D:\PY3\lib\site-packages\starlette\_exception_handler.py:42: in wrapped_app
    await app(scope, receive, sender)
D:\PY3\lib\site-packages\fastapi\middleware\asyncexitstack.py:18: in __call__
    await self.app(scope, receive, send)
D:\PY3\lib\site-packages\starlette\routing.py:716: in __call__
    await self.middleware_stack(scope, receive, send)
D:\PY3\lib\site-packages\starlette\routing.py:736: in app
    await route.handle(scope, receive, send)
D:\PY3\lib\site-packages\starlette\routing.py:290: in handle
    await self.app(scope, receive, send)
D:\PY3\lib\site-packages\fastapi\routing.py:121: in app
    await wrap_app_handling_exceptions(app, request)(scope, receive, send)
D:\PY3\lib\site-packages\starlette\_exception_handler.py:53: in wrapped_app
    raise exc
D:\PY3\lib\site-packages\starlette\_exception_handler.py:42: in wrapped_app
    await app(scope, receive, sender)
D:\PY3\lib\site-packages\fastapi\routing.py:107: in app
    response = await f(request)
D:\PY3\lib\site-packages\fastapi\routing.py:416: in app
    solved_result = await solve_dependencies(
D:\PY3\lib\site-packages\fastapi\dependencies\utils.py:648: in solve_dependencies
    solved = await call(**solved_result.values)
_ _ _ _ _ _ _ _ _ _ _ _ _ _ _ _ _ _ _ _ _ _ _ _ _ _ _ _ _ _ _ _ _ _ _ _ _ _ _ _

credentials = HTTPAuthorizationCredentials(scheme='Bearer', credentials='eyJhbGciOiJIUzI1NiIsInR5cCI6IkpXVCJ9.eyJzdWIiOiI4MTRlNWNmOS...WE1Y2EiLCJyb2xlIjoiYWRtaW4iLCJ0eXBlIjoiYWNjZXNzIiwiZXhwIjoxNzg5MTU3MzA2fQ.oT4dJHADmF0E2GNHi33UJLradOLA9pJ0a825JsqkITg')
db = &lt;sqlalchemy.ext.asyncio.session.AsyncSession object at 0x000001B1B5689A20&gt;

    async def get_current_user(
        credentials: HTTPAuthorizationCredentials = Depends(_bearer),
        db: AsyncSession = Depends(get_db),
    ) -&gt; User:
        token = credentials.credentials if credentials else ""
    
        # --- INICIO DEV OVERRIDE: Contorno E2E Frontend ---
        if not token or token in ["", "null", "undefined", "Bearer ", "dev-bypass"]:
            from sqlalchemy import select
            res = await db.execute(select(User).where(User.role.in_([UserRole.SUPER_ADMIN, UserRole.ADMIN])).limit(1))
            db_user = res.scalar_one_or_none()
            if db_user:
                return db_user
    
            # Fallback to any user if no admin
            res = await db.execute(select(User).limit(1))
            db_user = res.scalar_one_or_none()
            if db_user:
                return db_user
    
            raise HTTPException(status_code=401, detail="Dev Override falhou: Nenhum usuario no banco para usar de Mock.")
        # --- FIM DEV OVERRIDE ---
    
        payload = decode_token(token)
    
        if not payload:
            raise HTTPException(status_code=status.HTTP_401_UNAUTHORIZED, detail="Token invalido ou expirado")
    
        jwt_type = payload.get("type")
        if jwt_type and jwt_type != "access":
             raise HTTPException(status_code=status.HTTP_401_UNAUTHORIZED, detail="Acesso invalido")
    
        user_id = payload.get("sub")
        if isinstance(user_id, str):
            try:
                uuid_val = uuid.UUID(user_id)
            except ValueError:
                raise HTTPException(status_code=status.HTTP_401_UNAUTHORIZED, detail="ID de usuario invalido (UUID esperado)")
    
&gt;       query = select(User).where(cast(User.id, String) == str(user_id))
E       UnboundLocalError: local variable 'select' referenced before assignment

core\deps.py:57: UnboundLocalError</failure></testcase><testcase classname="tests.test_crm" name="test_employee_hr_fields" time="1.292"><failure message="UnboundLocalError: local variable 'select' referenced before assignment">client = &lt;httpx.AsyncClient object at 0x000001B1B53BAFB0&gt;

    @pytest.mark.asyncio
    async def test_employee_hr_fields(client: AsyncClient):
        token = await _get_token(client)
        headers = {"Authorization": f"Bearer {token}"}
        if not token:
            pytest.skip("No auth token")
    
&gt;       r = await client.post("/api/v1/crm/contacts/", json={
            "category": "EMPLOYEE",
            "name": "Maria Funcionária",
            "document": "111.222.333-44",
            "role_title": "Gerente Financeira",
            "admission_date": "2023-03-01T00:00:00Z",
            "vacation_start_date": "2024-03-01T00:00:00Z",
        }, headers=headers)

tests\test_crm.py:130: 
_ _ _ _ _ _ _ _ _ _ _ _ _ _ _ _ _ _ _ _ _ _ _ _ _ _ _ _ _ _ _ _ _ _ _ _ _ _ _ _
..\..\..\AppData\Roaming\Python\Python310\site-packages\httpx\_client.py:1859: in post
    return await self.request(
..\..\..\AppData\Roaming\Python\Python310\site-packages\httpx\_client.py:1540: in request
    return await self.send(request, auth=auth, follow_redirects=follow_redirects)
..\..\..\AppData\Roaming\Python\Python310\site-packages\httpx\_client.py:1629: in send
    response = await self._send_handling_auth(
..\..\..\AppData\Roaming\Python\Python310\site-packages\httpx\_client.py:1657: in _send_handling_auth
    response = await self._send_handling_redirects(
..\..\..\AppData\Roaming\Python\Python310\site-packages\httpx\_client.py:1694: in _send_handling_redirects
    response = await self._send_single_request(request)
..\..\..\AppData\Roaming\Python\Python310\site-packages\httpx\_client.py:1730: in _send_single_request
    response = await transport.handle_async_request(request)
..\..\..\AppData\Roaming\Python\Python310\site-packages\httpx\_transports\asgi.py:170: in handle_async_request
    await self.app(scope, receive, send)
D:\PY3\lib\site-packages\fastapi\applications.py:1138: in __call__
    await super().__call__(scope, receive, send)
D:\PY3\lib\site-packages\starlette\applications.py:107: in __call__
    await self.middleware_stack(scope, receive, send)
D:\PY3\lib\site-packages\starlette\middleware\errors.py:186: in __call__
    raise exc
D:\PY3\lib\site-packages\starlette\middleware\errors.py:164: in __call__
    await self.app(scope, receive, _send)
D:\PY3\lib\site-packages\starlette\middleware\cors.py:87: in __call__
    await self.app(scope, receive, send)
D:\PY3\lib\site-packages\starlette\middleware\exceptions.py:63: in __call__
    await wrap_app_handling_exceptions(self.app, conn)(scope, receive, send)
D:\PY3\lib\site-packages\starlette\_exception_handler.py:53: in wrapped_app
    raise exc
D:\PY3\lib\site-packages\starlette\_exception_handler.py:42: in wrapped_app
    await app(scope, receive, sender)
D:\PY3\lib\site-packages\fastapi\middleware\asyncexitstack.py:18: in __call__
    await self.app(scope, receive, send)
D:\PY3\lib\site-packages\starlette\routing.py:716: in __call__
    await self.middleware_stack(scope, receive, send)
D:\PY3\lib\site-packages\starlette\routing.py:736: in app
    await route.handle(scope, receive, send)
D:\PY3\lib\site-packages\starlette\routing.py:290: in handle
    await self.app(scope, receive, send)
D:\PY3\lib\site-packages\fastapi\routing.py:121: in app
    await wrap_app_handling_exceptions(app, request)(scope, receive, send)
D:\PY3\lib\site-packages\starlette\_exception_handler.py:53: in wrapped_app
    raise exc
D:\PY3\lib\site-packages\starlette\_exception_handler.py:42: in wrapped_app
    await app(scope, receive, sender)
D:\PY3\lib\site-packages\fastapi\routing.py:107: in app
    response = await f(request)
D:\PY3\lib\site-packages\fastapi\routing.py:416: in app
    solved_result = await solve_dependencies(
D:\PY3\lib\site-packages\fastapi\dependencies\utils.py:648: in solve_dependencies
    solved = await call(**solved_result.values)
_ _ _ _ _ _ _ _ _ _ _ _ _ _ _ _ _ _ _ _ _ _ _ _ _ _ _ _ _ _ _ _ _ _ _ _ _ _ _ _

credentials = HTTPAuthorizationCredentials(scheme='Bearer', credentials='eyJhbGciOiJIUzI1NiIsInR5cCI6IkpXVCJ9.eyJzdWIiOiI5OTg4NzU1Yy...TVlN2QiLCJyb2xlIjoiYWRtaW4iLCJ0eXBlIjoiYWNjZXNzIiwiZXhwIjoxNzg5MTU3MzA4fQ.EIF9ay1BZDL1rMtlEuYqv6S8mlZZFGHmWVZEigR9MP0')
db = &lt;sqlalchemy.ext.asyncio.session.AsyncSession object at 0x000001B1B6B7BD60&gt;

    async def get_current_user(
        credentials: HTTPAuthorizationCredentials = Depends(_bearer),
        db: AsyncSession = Depends(get_db),
    ) -&gt; User:
        token = credentials.credentials if credentials else ""
    
        # --- INICIO DEV OVERRIDE: Contorno E2E Frontend ---
        if not token or token in ["", "null", "undefined", "Bearer ", "dev-bypass"]:
            from sqlalchemy import select
            res = await db.execute(select(User).where(User.role.in_([UserRole.SUPER_ADMIN, UserRole.ADMIN])).limit(1))
            db_user = res.scalar_one_or_none()
            if db_user:
                return db_user
    
            # Fallback to any user if no admin
            res = await db.execute(select(User).limit(1))
            db_user = res.scalar_one_or_none()
            if db_user:
                return db_user
    
            raise HTTPException(status_code=401, detail="Dev Override falhou: Nenhum usuario no banco para usar de Mock.")
        # --- FIM DEV OVERRIDE ---
    
        payload = decode_token(token)
    
        if not payload:
            raise HTTPException(status_code=status.HTTP_401_UNAUTHORIZED, detail="Token invalido ou expirado")
    
        jwt_type = payload.get("type")
        if jwt_type and jwt_type != "access":
             raise HTTPException(status_code=status.HTTP_401_UNAUTHORIZED, detail="Acesso invalido")
    
        user_id = payload.get("sub")
        if isinstance(user_id, str):
            try:
                uuid_val = uuid.UUID(user_id)
            except ValueError:
                raise HTTPException(status_code=status.HTTP_401_UNAUTHORIZED, detail="ID de usuario invalido (UUID esperado)")
    
&gt;       query = select(User).where(cast(User.id, String) == str(user_id))
E       UnboundLocalError: local variable 'select' referenced before assignment

core\deps.py:57: UnboundLocalError</failure></testcase><testcase classname="tests.test_crm" name="test_contacts_csv_import" time="1.094"><failure message="UnboundLocalError: local variable 'select' referenced before assignment">client = &lt;httpx.AsyncClient object at 0x000001B1B6C54CD0&gt;

    @pytest.mark.asyncio
    async def test_contacts_csv_import(client: AsyncClient):
        token = await _get_token(client)
        headers = {"Authorization": f"Bearer {token}"}
        if not token:
            pytest.skip("No auth token")
    
        csv_content = (
            "name,document,email,phone,category\n"
            "Fornecedor A,12.345.678/0001-00,fornecedor@a.com,1134567890,SUPPLIER\n"
            "Cliente B,987.654.321-00,cliente@b.com,11987654321,CUSTOMER\n"
        )
        files = {"file": ("contacts.csv", io.BytesIO(csv_content.encode()), "text/csv")}
&gt;       r = await client.post("/api/v1/crm/contacts/import", files=files, headers=headers)

tests\test_crm.py:158: 
_ _ _ _ _ _ _ _ _ _ _ _ _ _ _ _ _ _ _ _ _ _ _ _ _ _ _ _ _ _ _ _ _ _ _ _ _ _ _ _
..\..\..\AppData\Roaming\Python\Python310\site-packages\httpx\_client.py:1859: in post
    return await self.request(
..\..\..\AppData\Roaming\Python\Python310\site-packages\httpx\_client.py:1540: in request
    return await self.send(request, auth=auth, follow_redirects=follow_redirects)
..\..\..\AppData\Roaming\Python\Python310\site-packages\httpx\_client.py:1629: in send
    response = await self._send_handling_auth(
..\..\..\AppData\Roaming\Python\Python310\site-packages\httpx\_client.py:1657: in _send_handling_auth
    response = await self._send_handling_redirects(
..\..\..\AppData\Roaming\Python\Python310\site-packages\httpx\_client.py:1694: in _send_handling_redirects
    response = await self._send_single_request(request)
..\..\..\AppData\Roaming\Python\Python310\site-packages\httpx\_client.py:1730: in _send_single_request
    response = await transport.handle_async_request(request)
..\..\..\AppData\Roaming\Python\Python310\site-packages\httpx\_transports\asgi.py:170: in handle_async_request
    await self.app(scope, receive, send)
D:\PY3\lib\site-packages\fastapi\applications.py:1138: in __call__
    await super().__call__(scope, receive, send)
D:\PY3\lib\site-packages\starlette\applications.py:107: in __call__
    await self.middleware_stack(scope, receive, send)
D:\PY3\lib\site-packages\starlette\middleware\errors.py:186: in __call__
    raise exc
D:\PY3\lib\site-packages\starlette\middleware\errors.py:164: in __call__
    await self.app(scope, receive, _send)
D:\PY3\lib\site-packages\starlette\middleware\cors.py:87: in __call__
    await self.app(scope, receive, send)
D:\PY3\lib\site-packages\starlette\middleware\exceptions.py:63: in __call__
    await wrap_app_handling_exceptions(self.app, conn)(scope, receive, send)
D:\PY3\lib\site-packages\starlette\_exception_handler.py:53: in wrapped_app
    raise exc
D:\PY3\lib\site-packages\starlette\_exception_handler.py:42: in wrapped_app
    await app(scope, receive, sender)
D:\PY3\lib\site-packages\fastapi\middleware\asyncexitstack.py:18: in __call__
    await self.app(scope, receive, send)
D:\PY3\lib\site-packages\starlette\routing.py:716: in __call__
    await self.middleware_stack(scope, receive, send)
D:\PY3\lib\site-packages\starlette\routing.py:736: in app
    await route.handle(scope, receive, send)
D:\PY3\lib\site-packages\starlette\routing.py:290: in handle
    await self.app(scope, receive, send)
D:\PY3\lib\site-packages\fastapi\routing.py:121: in app
    await wrap_app_handling_exceptions(app, request)(scope, receive, send)
D:\PY3\lib\site-packages\starlette\_exception_handler.py:53: in wrapped_app
    raise exc
D:\PY3\lib\site-packages\starlette\_exception_handler.py:42: in wrapped_app
    await app(scope, receive, sender)
D:\PY3\lib\site-packages\fastapi\routing.py:107: in app
    response = await f(request)
D:\PY3\lib\site-packages\fastapi\routing.py:416: in app
    solved_result = await solve_dependencies(
D:\PY3\lib\site-packages\fastapi\dependencies\utils.py:648: in solve_dependencies
    solved = await call(**solved_result.values)
_ _ _ _ _ _ _ _ _ _ _ _ _ _ _ _ _ _ _ _ _ _ _ _ _ _ _ _ _ _ _ _ _ _ _ _ _ _ _ _

credentials = HTTPAuthorizationCredentials(scheme='Bearer', credentials='eyJhbGciOiJIUzI1NiIsInR5cCI6IkpXVCJ9.eyJzdWIiOiI4NzE5NDQ3ZS...jg0YWMiLCJyb2xlIjoiYWRtaW4iLCJ0eXBlIjoiYWNjZXNzIiwiZXhwIjoxNzg5MTU3MzA5fQ.0Ou6Hr7FzdUmskY5R8rMpW4J7-cYHxuSH1VWhEZUKtc')
db = &lt;sqlalchemy.ext.asyncio.session.AsyncSession object at 0x000001B1B6D0CA60&gt;

    async def get_current_user(
        credentials: HTTPAuthorizationCredentials = Depends(_bearer),
        db: AsyncSession = Depends(get_db),
    ) -&gt; User:
        token = credentials.credentials if credentials else ""
    
        # --- INICIO DEV OVERRIDE: Contorno E2E Frontend ---
        if not token or token in ["", "null", "undefined", "Bearer ", "dev-bypass"]:
            from sqlalchemy import select
            res = await db.execute(select(User).where(User.role.in_([UserRole.SUPER_ADMIN, UserRole.ADMIN])).limit(1))
            db_user = res.scalar_one_or_none()
            if db_user:
                return db_user
    
            # Fallback to any user if no admin
            res = await db.execute(select(User).limit(1))
            db_user = res.scalar_one_or_none()
            if db_user:
                return db_user
    
            raise HTTPException(status_code=401, detail="Dev Override falhou: Nenhum usuario no banco para usar de Mock.")
        # --- FIM DEV OVERRIDE ---
    
        payload = decode_token(token)
    
        if not payload:
            raise HTTPException(status_code=status.HTTP_401_UNAUTHORIZED, detail="Token invalido ou expirado")
    
        jwt_type = payload.get("type")
        if jwt_type and jwt_type != "access":
             raise HTTPException(status_code=status.HTTP_401_UNAUTHORIZED, detail="Acesso invalido")
    
        user_id = payload.get("sub")
        if isinstance(user_id, str):
            try:
                uuid_val = uuid.UUID(user_id)
            except ValueError:
                raise HTTPException(status_code=status.HTTP_401_UNAUTHORIZED, detail="ID de usuario invalido (UUID esperado)")
    
&gt;       query = select(User).where(cast(User.id, String) == str(user_id))
E       UnboundLocalError: local variable 'select' referenced before assignment

core\deps.py:57: UnboundLocalError</failure></testcase><testcase classname="tests.test_crm" name="test_payable_crud_and_totals" time="1.081"><failure message="UnboundLocalError: local variable 'select' referenced before assignment">client = &lt;httpx.AsyncClient object at 0x000001B1B58497B0&gt;

    @pytest.mark.asyncio
    async def test_payable_crud_and_totals(client: AsyncClient):
        token = await _get_token(client)
        headers = {"Authorization": f"Bearer {token}"}
        if not token:
            pytest.skip("No auth token")
    
        # CREATE
&gt;       r = await client.post("/api/v1/crm/payable/", json={
            "description": "Aluguel escritório",
            "amount": 3500.00,
            "due_date": "2026-09-15T00:00:00Z",
            "data_competencia": "2026-09-01T00:00:00Z",
            "is_reimbursable": False,
            "payment_account": "Conta Inter",
        }, headers=headers)

tests\test_crm.py:174: 
_ _ _ _ _ _ _ _ _ _ _ _ _ _ _ _ _ _ _ _ _ _ _ _ _ _ _ _ _ _ _ _ _ _ _ _ _ _ _ _
..\..\..\AppData\Roaming\Python\Python310\site-packages\httpx\_client.py:1859: in post
    return await self.request(
..\..\..\AppData\Roaming\Python\Python310\site-packages\httpx\_client.py:1540: in request
    return await self.send(request, auth=auth, follow_redirects=follow_redirects)
..\..\..\AppData\Roaming\Python\Python310\site-packages\httpx\_client.py:1629: in send
    response = await self._send_handling_auth(
..\..\..\AppData\Roaming\Python\Python310\site-packages\httpx\_client.py:1657: in _send_handling_auth
    response = await self._send_handling_redirects(
..\..\..\AppData\Roaming\Python\Python310\site-packages\httpx\_client.py:1694: in _send_handling_redirects
    response = await self._send_single_request(request)
..\..\..\AppData\Roaming\Python\Python310\site-packages\httpx\_client.py:1730: in _send_single_request
    response = await transport.handle_async_request(request)
..\..\..\AppData\Roaming\Python\Python310\site-packages\httpx\_transports\asgi.py:170: in handle_async_request
    await self.app(scope, receive, send)
D:\PY3\lib\site-packages\fastapi\applications.py:1138: in __call__
    await super().__call__(scope, receive, send)
D:\PY3\lib\site-packages\starlette\applications.py:107: in __call__
    await self.middleware_stack(scope, receive, send)
D:\PY3\lib\site-packages\starlette\middleware\errors.py:186: in __call__
    raise exc
D:\PY3\lib\site-packages\starlette\middleware\errors.py:164: in __call__
    await self.app(scope, receive, _send)
D:\PY3\lib\site-packages\starlette\middleware\cors.py:87: in __call__
    await self.app(scope, receive, send)
D:\PY3\lib\site-packages\starlette\middleware\exceptions.py:63: in __call__
    await wrap_app_handling_exceptions(self.app, conn)(scope, receive, send)
D:\PY3\lib\site-packages\starlette\_exception_handler.py:53: in wrapped_app
    raise exc
D:\PY3\lib\site-packages\starlette\_exception_handler.py:42: in wrapped_app
    await app(scope, receive, sender)
D:\PY3\lib\site-packages\fastapi\middleware\asyncexitstack.py:18: in __call__
    await self.app(scope, receive, send)
D:\PY3\lib\site-packages\starlette\routing.py:716: in __call__
    await self.middleware_stack(scope, receive, send)
D:\PY3\lib\site-packages\starlette\routing.py:736: in app
    await route.handle(scope, receive, send)
D:\PY3\lib\site-packages\starlette\routing.py:290: in handle
    await self.app(scope, receive, send)
D:\PY3\lib\site-packages\fastapi\routing.py:121: in app
    await wrap_app_handling_exceptions(app, request)(scope, receive, send)
D:\PY3\lib\site-packages\starlette\_exception_handler.py:53: in wrapped_app
    raise exc
D:\PY3\lib\site-packages\starlette\_exception_handler.py:42: in wrapped_app
    await app(scope, receive, sender)
D:\PY3\lib\site-packages\fastapi\routing.py:107: in app
    response = await f(request)
D:\PY3\lib\site-packages\fastapi\routing.py:416: in app
    solved_result = await solve_dependencies(
D:\PY3\lib\site-packages\fastapi\dependencies\utils.py:648: in solve_dependencies
    solved = await call(**solved_result.values)
_ _ _ _ _ _ _ _ _ _ _ _ _ _ _ _ _ _ _ _ _ _ _ _ _ _ _ _ _ _ _ _ _ _ _ _ _ _ _ _

credentials = HTTPAuthorizationCredentials(scheme='Bearer', credentials='eyJhbGciOiJIUzI1NiIsInR5cCI6IkpXVCJ9.eyJzdWIiOiI5MmQyMDBmNi...zE3MjUiLCJyb2xlIjoiYWRtaW4iLCJ0eXBlIjoiYWNjZXNzIiwiZXhwIjoxNzg5MTU3MzExfQ.bVV1la-x38neO52y3-1NPvqKwiix4QvGoPXzx6JnRPY')
db = &lt;sqlalchemy.ext.asyncio.session.AsyncSession object at 0x000001B1B6D53E20&gt;

    async def get_current_user(
        credentials: HTTPAuthorizationCredentials = Depends(_bearer),
        db: AsyncSession = Depends(get_db),
    ) -&gt; User:
        token = credentials.credentials if credentials else ""
    
        # --- INICIO DEV OVERRIDE: Contorno E2E Frontend ---
        if not token or token in ["", "null", "undefined", "Bearer ", "dev-bypass"]:
            from sqlalchemy import select
            res = await db.execute(select(User).where(User.role.in_([UserRole.SUPER_ADMIN, UserRole.ADMIN])).limit(1))
            db_user = res.scalar_one_or_none()
            if db_user:
                return db_user
    
            # Fallback to any user if no admin
            res = await db.execute(select(User).limit(1))
            db_user = res.scalar_one_or_none()
            if db_user:
                return db_user
    
            raise HTTPException(status_code=401, detail="Dev Override falhou: Nenhum usuario no banco para usar de Mock.")
        # --- FIM DEV OVERRIDE ---
    
        payload = decode_token(token)
    
        if not payload:
            raise HTTPException(status_code=status.HTTP_401_UNAUTHORIZED, detail="Token invalido ou expirado")
    
        jwt_type = payload.get("type")
        if jwt_type and jwt_type != "access":
             raise HTTPException(status_code=status.HTTP_401_UNAUTHORIZED, detail="Acesso invalido")
    
        user_id = payload.get("sub")
        if isinstance(user_id, str):
            try:
                uuid_val = uuid.UUID(user_id)
            except ValueError:
                raise HTTPException(status_code=status.HTTP_401_UNAUTHORIZED, detail="ID de usuario invalido (UUID esperado)")
    
&gt;       query = select(User).where(cast(User.id, String) == str(user_id))
E       UnboundLocalError: local variable 'select' referenced before assignment

core\deps.py:57: UnboundLocalError</failure></testcase><testcase classname="tests.test_crm" name="test_cooperado_crud_and_balance" time="1.070"><failure message="UnboundLocalError: local variable 'select' referenced before assignment">client = &lt;httpx.AsyncClient object at 0x000001B1B58A0760&gt;

    @pytest.mark.asyncio
    async def test_cooperado_crud_and_balance(client: AsyncClient):
        token = await _get_token(client)
        headers = {"Authorization": f"Bearer {token}"}
        if not token:
            pytest.skip("No auth token")
    
        # CREATE
&gt;       r = await client.post("/api/v1/crm/cooperados/", json={
            "name": "Ana Cooperada",
            "document": "555.666.777-88",
            "email": "ana@cooperativa.com",
            "phone": "11955556666",
        }, headers=headers)

tests\test_crm.py:213: 
_ _ _ _ _ _ _ _ _ _ _ _ _ _ _ _ _ _ _ _ _ _ _ _ _ _ _ _ _ _ _ _ _ _ _ _ _ _ _ _
..\..\..\AppData\Roaming\Python\Python310\site-packages\httpx\_client.py:1859: in post
    return await self.request(
..\..\..\AppData\Roaming\Python\Python310\site-packages\httpx\_client.py:1540: in request
    return await self.send(request, auth=auth, follow_redirects=follow_redirects)
..\..\..\AppData\Roaming\Python\Python310\site-packages\httpx\_client.py:1629: in send
    response = await self._send_handling_auth(
..\..\..\AppData\Roaming\Python\Python310\site-packages\httpx\_client.py:1657: in _send_handling_auth
    response = await self._send_handling_redirects(
..\..\..\AppData\Roaming\Python\Python310\site-packages\httpx\_client.py:1694: in _send_handling_redirects
    response = await self._send_single_request(request)
..\..\..\AppData\Roaming\Python\Python310\site-packages\httpx\_client.py:1730: in _send_single_request
    response = await transport.handle_async_request(request)
..\..\..\AppData\Roaming\Python\Python310\site-packages\httpx\_transports\asgi.py:170: in handle_async_request
    await self.app(scope, receive, send)
D:\PY3\lib\site-packages\fastapi\applications.py:1138: in __call__
    await super().__call__(scope, receive, send)
D:\PY3\lib\site-packages\starlette\applications.py:107: in __call__
    await self.middleware_stack(scope, receive, send)
D:\PY3\lib\site-packages\starlette\middleware\errors.py:186: in __call__
    raise exc
D:\PY3\lib\site-packages\starlette\middleware\errors.py:164: in __call__
    await self.app(scope, receive, _send)
D:\PY3\lib\site-packages\starlette\middleware\cors.py:87: in __call__
    await self.app(scope, receive, send)
D:\PY3\lib\site-packages\starlette\middleware\exceptions.py:63: in __call__
    await wrap_app_handling_exceptions(self.app, conn)(scope, receive, send)
D:\PY3\lib\site-packages\starlette\_exception_handler.py:53: in wrapped_app
    raise exc
D:\PY3\lib\site-packages\starlette\_exception_handler.py:42: in wrapped_app
    await app(scope, receive, sender)
D:\PY3\lib\site-packages\fastapi\middleware\asyncexitstack.py:18: in __call__
    await self.app(scope, receive, send)
D:\PY3\lib\site-packages\starlette\routing.py:716: in __call__
    await self.middleware_stack(scope, receive, send)
D:\PY3\lib\site-packages\starlette\routing.py:736: in app
    await route.handle(scope, receive, send)
D:\PY3\lib\site-packages\starlette\routing.py:290: in handle
    await self.app(scope, receive, send)
D:\PY3\lib\site-packages\fastapi\routing.py:121: in app
    await wrap_app_handling_exceptions(app, request)(scope, receive, send)
D:\PY3\lib\site-packages\starlette\_exception_handler.py:53: in wrapped_app
    raise exc
D:\PY3\lib\site-packages\starlette\_exception_handler.py:42: in wrapped_app
    await app(scope, receive, sender)
D:\PY3\lib\site-packages\fastapi\routing.py:107: in app
    response = await f(request)
D:\PY3\lib\site-packages\fastapi\routing.py:416: in app
    solved_result = await solve_dependencies(
D:\PY3\lib\site-packages\fastapi\dependencies\utils.py:648: in solve_dependencies
    solved = await call(**solved_result.values)
_ _ _ _ _ _ _ _ _ _ _ _ _ _ _ _ _ _ _ _ _ _ _ _ _ _ _ _ _ _ _ _ _ _ _ _ _ _ _ _

credentials = HTTPAuthorizationCredentials(scheme='Bearer', credentials='eyJhbGciOiJIUzI1NiIsInR5cCI6IkpXVCJ9.eyJzdWIiOiI5ODBkNzcwZi...Dc1NzUiLCJyb2xlIjoiYWRtaW4iLCJ0eXBlIjoiYWNjZXNzIiwiZXhwIjoxNzg5MTU3MzEyfQ.PWOGdG5O0hsJCPn9J4D4GBTAcluMoKm2mZmBPEARhlM')
db = &lt;sqlalchemy.ext.asyncio.session.AsyncSession object at 0x000001B1B6B78D90&gt;

    async def get_current_user(
        credentials: HTTPAuthorizationCredentials = Depends(_bearer),
        db: AsyncSession = Depends(get_db),
    ) -&gt; User:
        token = credentials.credentials if credentials else ""
    
        # --- INICIO DEV OVERRIDE: Contorno E2E Frontend ---
        if not token or token in ["", "null", "undefined", "Bearer ", "dev-bypass"]:
            from sqlalchemy import select
            res = await db.execute(select(User).where(User.role.in_([UserRole.SUPER_ADMIN, UserRole.ADMIN])).limit(1))
            db_user = res.scalar_one_or_none()
            if db_user:
                return db_user
    
            # Fallback to any user if no admin
            res = await db.execute(select(User).limit(1))
            db_user = res.scalar_one_or_none()
            if db_user:
                return db_user
    
            raise HTTPException(status_code=401, detail="Dev Override falhou: Nenhum usuario no banco para usar de Mock.")
        # --- FIM DEV OVERRIDE ---
    
        payload = decode_token(token)
    
        if not payload:
            raise HTTPException(status_code=status.HTTP_401_UNAUTHORIZED, detail="Token invalido ou expirado")
    
        jwt_type = payload.get("type")
        if jwt_type and jwt_type != "access":
             raise HTTPException(status_code=status.HTTP_401_UNAUTHORIZED, detail="Acesso invalido")
    
        user_id = payload.get("sub")
        if isinstance(user_id, str):
            try:
                uuid_val = uuid.UUID(user_id)
            except ValueError:
                raise HTTPException(status_code=status.HTTP_401_UNAUTHORIZED, detail="ID de usuario invalido (UUID esperado)")
    
&gt;       query = select(User).where(cast(User.id, String) == str(user_id))
E       UnboundLocalError: local variable 'select' referenced before assignment

core\deps.py:57: UnboundLocalError</failure></testcase><testcase classname="tests.test_crm" name="test_categories_auto_seed_and_crud" time="1.171"><failure message="UnboundLocalError: local variable 'select' referenced before assignment">client = &lt;httpx.AsyncClient object at 0x000001B1B6AD3E50&gt;

    @pytest.mark.asyncio
    async def test_categories_auto_seed_and_crud(client: AsyncClient):
        token = await _get_token(client)
        headers = {"Authorization": f"Bearer {token}"}
        if not token:
            pytest.skip("No auth token")
    
        # LIST — deve auto-semear categorias padrão
&gt;       r = await client.get("/api/v1/categories/", headers=headers)

tests\test_crm.py:255: 
_ _ _ _ _ _ _ _ _ _ _ _ _ _ _ _ _ _ _ _ _ _ _ _ _ _ _ _ _ _ _ _ _ _ _ _ _ _ _ _
..\..\..\AppData\Roaming\Python\Python310\site-packages\httpx\_client.py:1768: in get
    return await self.request(
..\..\..\AppData\Roaming\Python\Python310\site-packages\httpx\_client.py:1540: in request
    return await self.send(request, auth=auth, follow_redirects=follow_redirects)
..\..\..\AppData\Roaming\Python\Python310\site-packages\httpx\_client.py:1629: in send
    response = await self._send_handling_auth(
..\..\..\AppData\Roaming\Python\Python310\site-packages\httpx\_client.py:1657: in _send_handling_auth
    response = await self._send_handling_redirects(
..\..\..\AppData\Roaming\Python\Python310\site-packages\httpx\_client.py:1694: in _send_handling_redirects
    response = await self._send_single_request(request)
..\..\..\AppData\Roaming\Python\Python310\site-packages\httpx\_client.py:1730: in _send_single_request
    response = await transport.handle_async_request(request)
..\..\..\AppData\Roaming\Python\Python310\site-packages\httpx\_transports\asgi.py:170: in handle_async_request
    await self.app(scope, receive, send)
D:\PY3\lib\site-packages\fastapi\applications.py:1138: in __call__
    await super().__call__(scope, receive, send)
D:\PY3\lib\site-packages\starlette\applications.py:107: in __call__
    await self.middleware_stack(scope, receive, send)
D:\PY3\lib\site-packages\starlette\middleware\errors.py:186: in __call__
    raise exc
D:\PY3\lib\site-packages\starlette\middleware\errors.py:164: in __call__
    await self.app(scope, receive, _send)
D:\PY3\lib\site-packages\starlette\middleware\cors.py:87: in __call__
    await self.app(scope, receive, send)
D:\PY3\lib\site-packages\starlette\middleware\exceptions.py:63: in __call__
    await wrap_app_handling_exceptions(self.app, conn)(scope, receive, send)
D:\PY3\lib\site-packages\starlette\_exception_handler.py:53: in wrapped_app
    raise exc
D:\PY3\lib\site-packages\starlette\_exception_handler.py:42: in wrapped_app
    await app(scope, receive, sender)
D:\PY3\lib\site-packages\fastapi\middleware\asyncexitstack.py:18: in __call__
    await self.app(scope, receive, send)
D:\PY3\lib\site-packages\starlette\routing.py:716: in __call__
    await self.middleware_stack(scope, receive, send)
D:\PY3\lib\site-packages\starlette\routing.py:736: in app
    await route.handle(scope, receive, send)
D:\PY3\lib\site-packages\starlette\routing.py:290: in handle
    await self.app(scope, receive, send)
D:\PY3\lib\site-packages\fastapi\routing.py:121: in app
    await wrap_app_handling_exceptions(app, request)(scope, receive, send)
D:\PY3\lib\site-packages\starlette\_exception_handler.py:53: in wrapped_app
    raise exc
D:\PY3\lib\site-packages\starlette\_exception_handler.py:42: in wrapped_app
    await app(scope, receive, sender)
D:\PY3\lib\site-packages\fastapi\routing.py:107: in app
    response = await f(request)
D:\PY3\lib\site-packages\fastapi\routing.py:416: in app
    solved_result = await solve_dependencies(
D:\PY3\lib\site-packages\fastapi\dependencies\utils.py:648: in solve_dependencies
    solved = await call(**solved_result.values)
_ _ _ _ _ _ _ _ _ _ _ _ _ _ _ _ _ _ _ _ _ _ _ _ _ _ _ _ _ _ _ _ _ _ _ _ _ _ _ _

credentials = HTTPAuthorizationCredentials(scheme='Bearer', credentials='eyJhbGciOiJIUzI1NiIsInR5cCI6IkpXVCJ9.eyJzdWIiOiJkNjFmZDZmMi...Tg2ZDMiLCJyb2xlIjoiYWRtaW4iLCJ0eXBlIjoiYWNjZXNzIiwiZXhwIjoxNzg5MTU3MzEzfQ.9PA0QOaPsE22IKf9oaGIASPq2Z8F06abY941ozim1PM')
db = &lt;sqlalchemy.ext.asyncio.session.AsyncSession object at 0x000001B1B581B040&gt;

    async def get_current_user(
        credentials: HTTPAuthorizationCredentials = Depends(_bearer),
        db: AsyncSession = Depends(get_db),
    ) -&gt; User:
        token = credentials.credentials if credentials else ""
    
        # --- INICIO DEV OVERRIDE: Contorno E2E Frontend ---
        if not token or token in ["", "null", "undefined", "Bearer ", "dev-bypass"]:
            from sqlalchemy import select
            res = await db.execute(select(User).where(User.role.in_([UserRole.SUPER_ADMIN, UserRole.ADMIN])).limit(1))
            db_user = res.scalar_one_or_none()
            if db_user:
                return db_user
    
            # Fallback to any user if no admin
            res = await db.execute(select(User).limit(1))
            db_user = res.scalar_one_or_none()
            if db_user:
                return db_user
    
            raise HTTPException(status_code=401, detail="Dev Override falhou: Nenhum usuario no banco para usar de Mock.")
        # --- FIM DEV OVERRIDE ---
    
        payload = decode_token(token)
    
        if not payload:
            raise HTTPException(status_code=status.HTTP_401_UNAUTHORIZED, detail="Token invalido ou expirado")
    
        jwt_type = payload.get("type")
        if jwt_type and jwt_type != "access":
             raise HTTPException(status_code=status.HTTP_401_UNAUTHORIZED, detail="Acesso invalido")
    
        user_id = payload.get("sub")
        if isinstance(user_id, str):
            try:
                uuid_val = uuid.UUID(user_id)
            except ValueError:
                raise HTTPException(status_code=status.HTTP_401_UNAUTHORIZED, detail="ID de usuario invalido (UUID esperado)")
    
&gt;       query = select(User).where(cast(User.id, String) == str(user_id))
E       UnboundLocalError: local variable 'select' referenced before assignment

core\deps.py:57: UnboundLocalError</failure></testcase><testcase classname="tests.test_crm" name="test_notes_and_files" time="1.169"><failure message="UnboundLocalError: local variable 'select' referenced before assignment">client = &lt;httpx.AsyncClient object at 0x000001B1B6D1BF70&gt;

    @pytest.mark.asyncio
    async def test_notes_and_files(client: AsyncClient):
        token = await _get_token(client)
        headers = {"Authorization": f"Bearer {token}"}
        if not token:
            pytest.skip("No auth token")
    
        # Create a contact to attach notes to
&gt;       r = await client.post("/api/v1/crm/contacts/", json={
            "category": "CUSTOMER",
            "name": "Cliente Notas",
        }, headers=headers)

tests\test_crm.py:287: 
_ _ _ _ _ _ _ _ _ _ _ _ _ _ _ _ _ _ _ _ _ _ _ _ _ _ _ _ _ _ _ _ _ _ _ _ _ _ _ _
..\..\..\AppData\Roaming\Python\Python310\site-packages\httpx\_client.py:1859: in post
    return await self.request(
..\..\..\AppData\Roaming\Python\Python310\site-packages\httpx\_client.py:1540: in request
    return await self.send(request, auth=auth, follow_redirects=follow_redirects)
..\..\..\AppData\Roaming\Python\Python310\site-packages\httpx\_client.py:1629: in send
    response = await self._send_handling_auth(
..\..\..\AppData\Roaming\Python\Python310\site-packages\httpx\_client.py:1657: in _send_handling_auth
    response = await self._send_handling_redirects(
..\..\..\AppData\Roaming\Python\Python310\site-packages\httpx\_client.py:1694: in _send_handling_redirects
    response = await self._send_single_request(request)
..\..\..\AppData\Roaming\Python\Python310\site-packages\httpx\_client.py:1730: in _send_single_request
    response = await transport.handle_async_request(request)
..\..\..\AppData\Roaming\Python\Python310\site-packages\httpx\_transports\asgi.py:170: in handle_async_request
    await self.app(scope, receive, send)
D:\PY3\lib\site-packages\fastapi\applications.py:1138: in __call__
    await super().__call__(scope, receive, send)
D:\PY3\lib\site-packages\starlette\applications.py:107: in __call__
    await self.middleware_stack(scope, receive, send)
D:\PY3\lib\site-packages\starlette\middleware\errors.py:186: in __call__
    raise exc
D:\PY3\lib\site-packages\starlette\middleware\errors.py:164: in __call__
    await self.app(scope, receive, _send)
D:\PY3\lib\site-packages\starlette\middleware\cors.py:87: in __call__
    await self.app(scope, receive, send)
D:\PY3\lib\site-packages\starlette\middleware\exceptions.py:63: in __call__
    await wrap_app_handling_exceptions(self.app, conn)(scope, receive, send)
D:\PY3\lib\site-packages\starlette\_exception_handler.py:53: in wrapped_app
    raise exc
D:\PY3\lib\site-packages\starlette\_exception_handler.py:42: in wrapped_app
    await app(scope, receive, sender)
D:\PY3\lib\site-packages\fastapi\middleware\asyncexitstack.py:18: in __call__
    await self.app(scope, receive, send)
D:\PY3\lib\site-packages\starlette\routing.py:716: in __call__
    await self.middleware_stack(scope, receive, send)
D:\PY3\lib\site-packages\starlette\routing.py:736: in app
    await route.handle(scope, receive, send)
D:\PY3\lib\site-packages\starlette\routing.py:290: in handle
    await self.app(scope, receive, send)
D:\PY3\lib\site-packages\fastapi\routing.py:121: in app
    await wrap_app_handling_exceptions(app, request)(scope, receive, send)
D:\PY3\lib\site-packages\starlette\_exception_handler.py:53: in wrapped_app
    raise exc
D:\PY3\lib\site-packages\starlette\_exception_handler.py:42: in wrapped_app
    await app(scope, receive, sender)
D:\PY3\lib\site-packages\fastapi\routing.py:107: in app
    response = await f(request)
D:\PY3\lib\site-packages\fastapi\routing.py:416: in app
    solved_result = await solve_dependencies(
D:\PY3\lib\site-packages\fastapi\dependencies\utils.py:648: in solve_dependencies
    solved = await call(**solved_result.values)
_ _ _ _ _ _ _ _ _ _ _ _ _ _ _ _ _ _ _ _ _ _ _ _ _ _ _ _ _ _ _ _ _ _ _ _ _ _ _ _

credentials = HTTPAuthorizationCredentials(scheme='Bearer', credentials='eyJhbGciOiJIUzI1NiIsInR5cCI6IkpXVCJ9.eyJzdWIiOiIyYWE3OGQwNi...jVjMGIiLCJyb2xlIjoiYWRtaW4iLCJ0eXBlIjoiYWNjZXNzIiwiZXhwIjoxNzg5MTU3MzE1fQ.4fXfXGox0WSEdKwha_ti1y9hd_lNJKR80Tqel5RcyGk')
db = &lt;sqlalchemy.ext.asyncio.session.AsyncSession object at 0x000001B1B6D9AE30&gt;

    async def get_current_user(
        credentials: HTTPAuthorizationCredentials = Depends(_bearer),
        db: AsyncSession = Depends(get_db),
    ) -&gt; User:
        token = credentials.credentials if credentials else ""
    
        # --- INICIO DEV OVERRIDE: Contorno E2E Frontend ---
        if not token or token in ["", "null", "undefined", "Bearer ", "dev-bypass"]:
            from sqlalchemy import select
            res = await db.execute(select(User).where(User.role.in_([UserRole.SUPER_ADMIN, UserRole.ADMIN])).limit(1))
            db_user = res.scalar_one_or_none()
            if db_user:
                return db_user
    
            # Fallback to any user if no admin
            res = await db.execute(select(User).limit(1))
            db_user = res.scalar_one_or_none()
            if db_user:
                return db_user
    
            raise HTTPException(status_code=401, detail="Dev Override falhou: Nenhum usuario no banco para usar de Mock.")
        # --- FIM DEV OVERRIDE ---
    
        payload = decode_token(token)
    
        if not payload:
            raise HTTPException(status_code=status.HTTP_401_UNAUTHORIZED, detail="Token invalido ou expirado")
    
        jwt_type = payload.get("type")
        if jwt_type and jwt_type != "access":
             raise HTTPException(status_code=status.HTTP_401_UNAUTHORIZED, detail="Acesso invalido")
    
        user_id = payload.get("sub")
        if isinstance(user_id, str):
            try:
                uuid_val = uuid.UUID(user_id)
            except ValueError:
                raise HTTPException(status_code=status.HTTP_401_UNAUTHORIZED, detail="ID de usuario invalido (UUID esperado)")
    
&gt;       query = select(User).where(cast(User.id, String) == str(user_id))
E       UnboundLocalError: local variable 'select' referenced before assignment

core\deps.py:57: UnboundLocalError</failure></testcase><testcase classname="tests.test_ghost_engine_parser" name="test_ghost_engine_parser_determinism[pos_deleted.txt-DELETED-0.9]" time="0.001" /><testcase classname="tests.test_ghost_engine_parser" name="test_ghost_engine_parser_determinism[neg_docs_needed.txt-PENDING_DOCS-0.9]" time="0.001" /><testcase classname="tests.test_ghost_engine_parser" name="test_ghost_engine_parser_determinism[ambiguous.txt-MANUAL_REQUIRED-0.0]" time="0.001" /><testcase classname="tests.test_ghost_engine_parser" name="test_confidence_threshold_safety_fallback" time="0.001" /><testcase classname="tests.test_playwright_automator" name="test_load_broker_config_success" time="0.001" /><testcase classname="tests.test_playwright_automator" name="test_playwright_evidence_vault_and_submission" time="26.345" /><testcase classname="tests.test_playwright_automator" name="test_invalid_broker_fallback" time="0.003" /><testcase classname="tests.test_playwright_automator" name="test_semaphore_concurrency_limit" time="0.002" /><testcase classname="tests.test_playwright_automator" name="test_celery_redis_queue_config" time="0.001" /><testcase classname="tests.test_reports" name="test_month_close_creation" time="0.003"><skipped type="pytest.skip" message="Auth token logic requires running integration, validated DDL">C:\Users\rafae\OrbeSystems\OrbeSystems\inho_backend\tests\test_reports.py:5: Auth token logic requires running integration, validated DDL</skipped></testcase><testcase classname="tests.test_reports" name="test_dre_generation" time="0.003"><skipped type="pytest.skip" message="Auth token logic requires running integration, validated DDL">C:\Users\rafae\OrbeSystems\OrbeSystems\inho_backend\tests\test_reports.py:9: Auth token logic requires running integration, validated DDL</skipped></testcase><testcase classname="tests.test_reports" name="test_losses_and_aging" time="0.002"><skipped type="pytest.skip" message="Auth token logic requires running integration, validated DDL">C:\Users\rafae\OrbeSystems\OrbeSystems\inho_backend\tests\test_reports.py:13: Auth token logic requires running integration, validated DDL</skipped></testcase><testcase classname="tests.test_reports" name="test_budget_vs_actual" time="0.003"><skipped type="pytest.skip" message="Auth token logic requires running integration, validated DDL">C:\Users\rafae\OrbeSystems\OrbeSystems\inho_backend\tests\test_reports.py:17: Auth token logic requires running integration, validated DDL</skipped></testcase><testcase classname="tests.test_settings" name="test_update_business_settings" time="0.004"><skipped type="pytest.skip" message="Auth token logic requires running integration, validated DDL">C:\Users\rafae\OrbeSystems\OrbeSystems\inho_backend\tests\test_settings.py:6: Auth token logic requires running integration, validated DDL</skipped></testcase><testcase classname="tests.test_settings" name="test_api_token_creation" time="0.003"><skipped type="pytest.skip" message="Auth token logic requires running integration, validated DDL">C:\Users\rafae\OrbeSystems\OrbeSystems\inho_backend\tests\test_settings.py:10: Auth token logic requires running integration, validated DDL</skipped></testcase><testcase classname="tests.test_settings" name="test_bank_integration_crud" time="0.003"><skipped type="pytest.skip" message="Auth token logic requires running integration, validated DDL">C:\Users\rafae\OrbeSystems\OrbeSystems\inho_backend\tests\test_settings.py:14: Auth token logic requires running integration, validated DDL</skipped></testcase><testcase classname="tests.test_siem_senior_enhancements" name="test_out_of_band_webhook_simulation" time="0.001" /><testcase classname="tests.test_siem_senior_enhancements" name="test_audit_retention_rotation_mocked" time="0.013" /><testcase classname="tests.test_siem_senior_enhancements" name="test_cold_storage_export_file_creation" time="0.002" /></testsuite></testsuites>